<?xml version="1.0" encoding="UTF-8" ?>
<testsuite errors="2" failures="0" hostname="YIL-Jhih-Chen" name="com.tutk.kalay.doorphone.ForgotPassword_Junit" skipped="0" tests="2" time="70.143" timestamp="2017-04-11T06:28:09">
  <properties>
    <property name="java.vendor" value="Oracle Corporation" />
    <property name="env.USERDOMAIN_ROAMINGPROFILE" value="TUTK" />
    <property name="sun.java.launcher" value="SUN_STANDARD" />
    <property name="eclipse.pdebuild.templates" value="/D:/eclipse/plugins/org.eclipse.pde.build_3.9.100.v20150521-1524/templates/" />
    <property name="sun.management.compiler" value="HotSpot 64-Bit Tiered Compilers" />
    <property name="env.UOIPME_REG_PATH" value="C:\Program Files\Intel Corporation\USB over IP" />
    <property name="env.PROMPT" value="$P$G" />
    <property name="os.name" value="Windows 10" />
    <property name="env.FP_NO_HOST_CHECK" value="NO" />
    <property name="env.C_EM64T_REDIST11" value="C:\Program Files (x86)\Common Files\Intel\Shared Files\cpp\" />
    <property name="sun.boot.class.path" value="C:\Program Files\Java\jre1.8.0_111\lib\resources.jar;C:\Program Files\Java\jre1.8.0_111\lib\rt.jar;C:\Program Files\Java\jre1.8.0_111\lib\sunrsasign.jar;C:\Program Files\Java\jre1.8.0_111\lib\jsse.jar;C:\Program Files\Java\jre1.8.0_111\lib\jce.jar;C:\Program Files\Java\jre1.8.0_111\lib\charsets.jar;C:\Program Files\Java\jre1.8.0_111\lib\jfr.jar;C:\Program Files\Java\jre1.8.0_111\classes" />
    <property name="env.COMPUTERNAME" value="YIL-JHIH-CHEN" />
    <property name="env.CommonProgramW6432" value="C:\Program Files\Common Files" />
    <property name="env.ALLUSERSPROFILE" value="C:\ProgramData" />
    <property name="sun.desktop" value="windows" />
    <property name="java.vm.specification.vendor" value="Oracle Corporation" />
    <property name="ant.home" value="D:\eclipse\plugins\org.apache.ant_1.9.6.v201510161327" />
    <property name="java.runtime.version" value="1.8.0_111-b14" />
    <property name="env.GOPATH" value="C:\work" />
    <property name="env.HOMEPATH" value="\Users\jhih_chen" />
    <property name="user.name" value="Jhih_Chen" />
    <property name="user.language" value="zh" />
    <property name="env.windows_tracing_flags" value="3" />
    <property name="env.TCL_LIBRARY" value="C:\Python35\tcl\tcl8.6" />
    <property name="sun.boot.library.path" value="C:\Program Files\Java\jre1.8.0_111\bin" />
    <property name="ant.project.default-target" value="build" />
    <property name="ant.project.name" value="APP_Doorphone_Android" />
    <property name="java.version" value="1.8.0_111" />
    <property name="env.PROCESSOR_IDENTIFIER" value="Intel64 Family 6 Model 61 Stepping 4, GenuineIntel" />
    <property name="user.timezone" value="" />
    <property name="env.asl.log" value="Destination=file" />
    <property name="env.TEMP" value="C:\Users\JHIH_C~1\AppData\Local\Temp" />
    <property name="sun.arch.data.model" value="64" />
    <property name="java.endorsed.dirs" value="C:\Program Files\Java\jre1.8.0_111\lib\endorsed" />
    <property name="sun.cpu.isalist" value="amd64" />
    <property name="env.HOMEDRIVE" value="C:" />
    <property name="sun.jnu.encoding" value="MS950" />
    <property name="file.encoding.pkg" value="sun.io" />
    <property name="ECLIPSE_HOME" value="D:/eclipse/" />
    <property name="file.separator" value="\" />
    <property name="java.specification.name" value="Java Platform API Specification" />
    <property name="java.class.version" value="52.0" />
    <property name="user.country" value="TW" />
    <property name="java.home" value="C:\Program Files\Java\jre1.8.0_111" />
    <property name="env.PSModulePath" value="C:\WINDOWS\system32\WindowsPowerShell\v1.0\Modules\" />
    <property name="env.ANDROID_HOME" value="C:\Users\jhih\AppData\Local\Android\android-sdk" />
    <property name="env.APPDATA" value="C:\Users\jhih_chen\AppData\Roaming" />
    <property name="env.PUBLIC" value="C:\Users\Public" />
    <property name="env.windows_tracing_logfile" value="C:\BVTBin\Tests\installpackage\csilogfile.log" />
    <property name="java.vm.info" value="mixed mode" />
    <property name="env.ComSpec" value="C:\WINDOWS\system32\cmd.exe" />
    <property name="env.OS" value="Windows_NT" />
    <property name="env.CommonProgramFiles" value="C:\Program Files\Common Files" />
    <property name="ant.file" value="C:\Users\jhih_chen\Desktop\test\APP_Doorphone_Android\build.xml" />
    <property name="os.version" value="10.0" />
    <property name="env.ProgramW6432" value="C:\Program Files" />
    <property name="ant.file.APP_Doorphone_Android" value="C:\Users\jhih_chen\Desktop\test\APP_Doorphone_Android\build.xml" />
    <property name="path.separator" value=";" />
    <property name="java.vm.version" value="25.111-b14" />
    <property name="user.variant" value="" />
    <property name="env.USERPROFILE" value="C:\Users\jhih_chen" />
    <property name="ant.library.dir" value="D:\eclipse\plugins\org.apache.ant_1.9.6.v201510161327\lib" />
    <property name="junit.output.dir" value="junit" />
    <property name="env.JAVA_HOME" value="C:\Program Files\Java\jdk1.8.0_111" />
    <property name="java.awt.printerjob" value="sun.awt.windows.WPrinterJob" />
    <property name="env.TMP" value="C:\Users\JHIH_C~1\AppData\Local\Temp" />
    <property name="env.FPS_BROWSER_USER_PROFILE_STRING" value="Default" />
    <property name="sun.io.unicode.encoding" value="UnicodeLittle" />
    <property name="awt.toolkit" value="sun.awt.windows.WToolkit" />
    <property name="user.script" value="" />
    <property name="eclipse.pdebuild.scripts" value="/D:/eclipse/plugins/org.eclipse.pde.build_3.9.100.v20150521-1524/scripts/" />
    <property name="user.home" value="C:\Users\jhih_chen" />
    <property name="target" value="1.8" />
    <property name="env.ProgramData" value="C:\ProgramData" />
    <property name="env.VS140COMNTOOLS" value="C:\Program Files (x86)\Microsoft Visual Studio 14.0\Common7\Tools\" />
    <property name="env.ProgramFiles(x86)" value="C:\Program Files (x86)" />
    <property name="env.SESSIONNAME" value="Console" />
    <property name="java.specification.vendor" value="Oracle Corporation" />
    <property name="java.vendor.url" value="http://java.oracle.com/" />
    <property name="java.library.path" value="C:\Program Files\Java\jre1.8.0_111\bin;C:\WINDOWS\Sun\Java\bin;C:\WINDOWS\system32;C:\WINDOWS;C:/Program Files/Java/jre1.8.0_111/bin/server;C:/Program Files/Java/jre1.8.0_111/bin;C:/Program Files/Java/jre1.8.0_111/lib/amd64;C:\Program Files (x86)\ActiveState Komodo Edit 10\;C:\ProgramData\Oracle\Java\javapath;C:\Program Files (x86)\Common Files\Intel\Shared Files\cpp\bin\Intel64;C:\Program Files (x86)\Intel\iCLS Client\;C:\Program Files\Intel\iCLS Client\;C:\WINDOWS\system32;C:\WINDOWS;C:\WINDOWS\System32\Wbem;C:\WINDOWS\System32\WindowsPowerShell\v1.0\;C:\Program Files\Intel\Intel(R) Management Engine Components\DAL;C:\Program Files (x86)\Intel\Intel(R) Management Engine Components\DAL;C:\Program Files\Intel\Intel(R) Management Engine Components\IPT;C:\Program Files (x86)\Intel\Intel(R) Management Engine Components\IPT;C:\Program Files\Intel\WiFi\bin\;C:\Program Files\Common Files\Intel\WirelessCommon\;C:\Program Files\Acer ProShield\;C:\Program Files\Acer ProShield\x86;C:\Program Files (x86)\Acer Proshield\bin\;C:\Program Files\Wave Systems Corp\Wave TSS\bin\;C:\Python35\;C:\Python35\Scripts\;C:\WINDOWS\system32\config\systemprofile\.dnx\bin;C:\Program Files\Microsoft DNX\Dnvm\;C:\Program Files\nodejs\;C:\Users\jhih\AppData\Roaming\npm\;C:\Users\jhih\AppData\Local\Android\android-sdk\platform-tools\;C:\Users\jhih\AppData\Local\Android\android-sdk\tools\;C:\Program Files (x86)\Appium\node_modules\npm\;C:\Program Files (x86)\Windows Live\Shared;C:\Program Files\apache-ant-1.9.7\bin;C:\Program Files\Java\jdk1.8.0_111\bin;C:\Program Files\Java\jre1.8.0_111\bin;C:\Users\jhih\AppData\Local\Android\android-sdk\build-tools\25.0.0;C:\Python35\Lib\site-packages\selenium;C:\apache-ant-1.10.1\bin;C:\Program Files\TortoiseGit\bin;C:\Program Files (x86)\Appium\node_modules\appium\bin\;C:\Program Files (x86)\Skype\Phone\;C:\Users\jhih_chen\AppData\Local\Microsoft\WindowsApps;C:\Program Files (x86)\Microsoft VS Code\bin;D:\eclipse;;." />
    <property name="env.NUMBER_OF_PROCESSORS" value="4" />
    <property name="env.USERDNSDOMAIN" value="TUTK.COM" />
    <property name="java.vm.vendor" value="Oracle Corporation" />
    <property name="env.TK_LIBRARY" value="C:\Python35\tcl\tk8.6" />
    <property name="java.runtime.name" value="Java(TM) SE Runtime Environment" />
    <property name="java.class.path" value="C:\Users\jhih_chen\Desktop\test\APP_Doorphone_Android\bin;D:\eclipse\plugins\org.junit_4.12.0.v201504281640\junit.jar;D:\eclipse\plugins\org.hamcrest.core_1.3.0.v201303031735.jar;C:\Users\jhih_chen\Desktop\test\APP_Doorphone_Android\seetest_lib\appium-client.jar;C:\Users\jhih_chen\Desktop\test\APP_Doorphone_Android\seetest_lib\aspectjweaver-1.8.9.jar;C:\Users\jhih_chen\Desktop\test\APP_Doorphone_Android\seetest_lib\boon-0.33.jar;C:\Users\jhih_chen\Desktop\test\APP_Doorphone_Android\seetest_lib\cglib-nodep-3.2.4.jar;C:\Users\jhih_chen\Desktop\test\APP_Doorphone_Android\seetest_lib\clientsGenerator-10.5.jar;C:\Users\jhih_chen\Desktop\test\APP_Doorphone_Android\seetest_lib\commons-beanutils-1.9.2.jar;C:\Users\jhih_chen\Desktop\test\APP_Doorphone_Android\seetest_lib\commons-codec-1.10.jar;C:\Users\jhih_chen\Desktop\test\APP_Doorphone_Android\seetest_lib\commons-collections-3.2.2.jar;C:\Users\jhih_chen\Desktop\test\APP_Doorphone_Android\seetest_lib\commons-digester-1.8.1.jar;C:\Users\jhih_chen\Desktop\test\APP_Doorphone_Android\seetest_lib\commons-exec-1.3.jar;C:\Users\jhih_chen\Desktop\test\APP_Doorphone_Android\seetest_lib\commons-io-2.4.jar;C:\Users\jhih_chen\Desktop\test\APP_Doorphone_Android\seetest_lib\commons-lang3-3.4.jar;C:\Users\jhih_chen\Desktop\test\APP_Doorphone_Android\seetest_lib\commons-logging-1.2.jar;C:\Users\jhih_chen\Desktop\test\APP_Doorphone_Android\seetest_lib\commons-validator-1.5.1.jar;C:\Users\jhih_chen\Desktop\test\APP_Doorphone_Android\seetest_lib\cssparser-0.9.18.jar;C:\Users\jhih_chen\Desktop\test\APP_Doorphone_Android\seetest_lib\gson-2.7.jar;C:\Users\jhih_chen\Desktop\test\APP_Doorphone_Android\seetest_lib\guava-19.0.jar;C:\Users\jhih_chen\Desktop\test\APP_Doorphone_Android\seetest_lib\hamcrest-core-1.3.jar;C:\Users\jhih_chen\Desktop\test\APP_Doorphone_Android\seetest_lib\htmlunit-2.21.jar;C:\Users\jhih_chen\Desktop\test\APP_Doorphone_Android\seetest_lib\htmlunit-core-js-2.17.jar;C:\Users\jhih_chen\Desktop\test\APP_Doorphone_Android\seetest_lib\htmlunit-driver-2.21.jar;C:\Users\jhih_chen\Desktop\test\APP_Doorphone_Android\seetest_lib\httpclient-4.5.2.jar;C:\Users\jhih_chen\Desktop\test\APP_Doorphone_Android\seetest_lib\httpcore-4.4.4.jar;C:\Users\jhih_chen\Desktop\test\APP_Doorphone_Android\seetest_lib\httpmime-4.5.2.jar;C:\Users\jhih_chen\Desktop\test\APP_Doorphone_Android\seetest_lib\imageClient.jar;C:\Users\jhih_chen\Desktop\test\APP_Doorphone_Android\seetest_lib\java-client-4.1.2.jar;C:\Users\jhih_chen\Desktop\test\APP_Doorphone_Android\seetest_lib\jetty-io-9.2.15.v20160210.jar;C:\Users\jhih_chen\Desktop\test\APP_Doorphone_Android\seetest_lib\jetty-util-9.2.15.v20160210.jar;C:\Users\jhih_chen\Desktop\test\APP_Doorphone_Android\seetest_lib\jna-4.1.0.jar;C:\Users\jhih_chen\Desktop\test\APP_Doorphone_Android\seetest_lib\jna-platform-4.1.0.jar;C:\Users\jhih_chen\Desktop\test\APP_Doorphone_Android\seetest_lib\junit-4.12.jar;C:\Users\jhih_chen\Desktop\test\APP_Doorphone_Android\seetest_lib\neko-htmlunit-2.21.jar;C:\Users\jhih_chen\Desktop\test\APP_Doorphone_Android\seetest_lib\netty-3.5.7.Final.jar;C:\Users\jhih_chen\Desktop\test\APP_Doorphone_Android\seetest_lib\sac-1.3.jar;C:\Users\jhih_chen\Desktop\test\APP_Doorphone_Android\seetest_lib\selenium-api-2.53.1.jar;C:\Users\jhih_chen\Desktop\test\APP_Doorphone_Android\seetest_lib\selenium-chrome-driver-2.53.1.jar;C:\Users\jhih_chen\Desktop\test\APP_Doorphone_Android\seetest_lib\selenium-edge-driver-2.53.1.jar;C:\Users\jhih_chen\Desktop\test\APP_Doorphone_Android\seetest_lib\selenium-firefox-driver-2.53.1.jar;C:\Users\jhih_chen\Desktop\test\APP_Doorphone_Android\seetest_lib\selenium-ie-driver-2.53.1.jar;C:\Users\jhih_chen\Desktop\test\APP_Doorphone_Android\seetest_lib\selenium-java-2.53.1.jar;C:\Users\jhih_chen\Desktop\test\APP_Doorphone_Android\seetest_lib\selenium-leg-rc-2.53.1.jar;C:\Users\jhih_chen\Desktop\test\APP_Doorphone_Android\seetest_lib\selenium-remote-driver-2.53.1.jar;C:\Users\jhih_chen\Desktop\test\APP_Doorphone_Android\seetest_lib\selenium-safari-driver-2.53.1.jar;C:\Users\jhih_chen\Desktop\test\APP_Doorphone_Android\seetest_lib\selenium-support-2.53.1.jar;C:\Users\jhih_chen\Desktop\test\APP_Doorphone_Android\seetest_lib\serializer-2.7.2.jar;C:\Users\jhih_chen\Desktop\test\APP_Doorphone_Android\seetest_lib\spring-aop-4.3.2.RELEASE.jar;C:\Users\jhih_chen\Desktop\test\APP_Doorphone_Android\seetest_lib\spring-beans-4.3.2.RELEASE.jar;C:\Users\jhih_chen\Desktop\test\APP_Doorphone_Android\seetest_lib\spring-context-4.3.2.RELEASE.jar;C:\Users\jhih_chen\Desktop\test\APP_Doorphone_Android\seetest_lib\spring-core-4.3.2.RELEASE.jar;C:\Users\jhih_chen\Desktop\test\APP_Doorphone_Android\seetest_lib\spring-expression-4.3.2.RELEASE.jar;C:\Users\jhih_chen\Desktop\test\APP_Doorphone_Android\seetest_lib\websocket-api-9.2.15.v20160210.jar;C:\Users\jhih_chen\Desktop\test\APP_Doorphone_Android\seetest_lib\websocket-client-9.2.15.v20160210.jar;C:\Users\jhih_chen\Desktop\test\APP_Doorphone_Android\seetest_lib\websocket-common-9.2.15.v20160210.jar;C:\Users\jhih_chen\Desktop\test\APP_Doorphone_Android\seetest_lib\ws-commons-util-1.0.2.jar;C:\Users\jhih_chen\Desktop\test\APP_Doorphone_Android\seetest_lib\xalan-2.7.2.jar;C:\Users\jhih_chen\Desktop\test\APP_Doorphone_Android\seetest_lib\xercesImpl-2.11.0.jar;C:\Users\jhih_chen\Desktop\test\APP_Doorphone_Android\seetest_lib\xml-apis-1.4.01.jar;C:\Users\jhih_chen\Desktop\test\APP_Doorphone_Android\seetest_lib\xmlrpc-client-3.1.2.jar;C:\Users\jhih_chen\Desktop\test\APP_Doorphone_Android\seetest_lib\xmlrpc-common-3.1.2.jar;D:\eclipse\plugins\org.apache.ant_1.9.6.v201510161327\lib\ant-launcher.jar;D:\eclipse\plugins\org.apache.ant_1.9.6.v201510161327\lib\ant.jar;D:\eclipse\plugins\org.apache.ant_1.9.6.v201510161327\lib\ant-junit.jar;D:\eclipse\plugins\org.apache.ant_1.9.6.v201510161327\lib\ant-junit4.jar" />
    <property name="sun.java.command" value="org.apache.tools.ant.taskdefs.optional.junit.JUnitTestRunner com.tutk.kalay.doorphone.ForgotPassword_Junit skipNonTests=false filtertrace=true haltOnError=false haltOnFailure=false formatter=org.apache.tools.ant.taskdefs.optional.junit.OutErrSummaryJUnitResultFormatter showoutput=false outputtoformatters=true logfailedtests=true threadid=0 logtestlistenerevents=false formatter=org.apache.tools.ant.taskdefs.optional.junit.XMLJUnitResultFormatter,C:\Users\jhih_chen\Desktop\test\APP_Doorphone_Android\junit\TEST-com.tutk.kalay.doorphone.ForgotPassword_Junit.xml crashfile=C:\Users\jhih_chen\Desktop\test\APP_Doorphone_Android\junitvmwatcher8656637154303163200.properties propsfile=C:\Users\jhih_chen\Desktop\test\APP_Doorphone_Android\junit2548715015708281606.properties" />
    <property name="ant.version" value="Apache Ant(TM) version 1.9.6 compiled on June 29 2015" />
    <property name="java.vm.specification.name" value="Java Virtual Machine Specification" />
    <property name="env.LOGONSERVER" value="\\TUTKDCCC" />
    <property name="env.windir" value="C:\WINDOWS" />
    <property name="java.vm.specification.version" value="1.8" />
    <property name="env.PROCESSOR_ARCHITECTURE" value="AMD64" />
    <property name="ant.file.type.APP_Doorphone_Android" value="file" />
    <property name="sun.os.patch.level" value="" />
    <property name="sun.cpu.endian" value="little" />
    <property name="debuglevel" value="source,lines,vars" />
    <property name="env.OneDrive" value="C:\Users\jhih_chen\OneDrive" />
    <property name="env.ProgramFiles" value="C:\Program Files" />
    <property name="env.ANT_HOME" value="D:\eclipse\plugins\org.apache.ant_1.9.6.v201510161327" />
    <property name="java.io.tmpdir" value="C:\Users\JHIH_C~1\AppData\Local\Temp\" />
    <property name="eclipse.pdebuild.home" value="/D:/eclipse/plugins/org.eclipse.pde.build_3.9.100.v20150521-1524/./" />
    <property name="env.PROCESSOR_REVISION" value="3d04" />
    <property name="env.CommonProgramFiles(x86)" value="C:\Program Files (x86)\Common Files" />
    <property name="java.vendor.url.bug" value="http://bugreport.sun.com/bugreport/" />
    <property name="env.SystemRoot" value="C:\WINDOWS" />
    <property name="env.FPS_BROWSER_APP_PROFILE_STRING" value="Internet Explorer" />
    <property name="os.arch" value="amd64" />
    <property name="java.awt.graphicsenv" value="sun.awt.Win32GraphicsEnvironment" />
    <property name="java.ext.dirs" value="C:\Program Files\Java\jre1.8.0_111\lib\ext;C:\WINDOWS\Sun\Java\lib\ext" />
    <property name="user.dir" value="C:\Users\jhih_chen\Desktop\test\APP_Doorphone_Android" />
    <property name="env.LOCALAPPDATA" value="C:\Users\jhih_chen\AppData\Local" />
    <property name="line.separator" value="&#xd;&#xa;" />
    <property name="java.vm.name" value="Java HotSpot(TM) 64-Bit Server VM" />
    <property name="env.PATHEXT" value=".COM;.EXE;.BAT;.CMD;.VBS;.VBE;.JS;.JSE;.WSF;.WSH;.MSC;.pyw" />
    <property name="env.Path" value="C:/Program Files/Java/jre1.8.0_111/bin/server;C:/Program Files/Java/jre1.8.0_111/bin;C:/Program Files/Java/jre1.8.0_111/lib/amd64;C:\Program Files (x86)\ActiveState Komodo Edit 10\;C:\ProgramData\Oracle\Java\javapath;C:\Program Files (x86)\Common Files\Intel\Shared Files\cpp\bin\Intel64;C:\Program Files (x86)\Intel\iCLS Client\;C:\Program Files\Intel\iCLS Client\;C:\WINDOWS\system32;C:\WINDOWS;C:\WINDOWS\System32\Wbem;C:\WINDOWS\System32\WindowsPowerShell\v1.0\;C:\Program Files\Intel\Intel(R) Management Engine Components\DAL;C:\Program Files (x86)\Intel\Intel(R) Management Engine Components\DAL;C:\Program Files\Intel\Intel(R) Management Engine Components\IPT;C:\Program Files (x86)\Intel\Intel(R) Management Engine Components\IPT;C:\Program Files\Intel\WiFi\bin\;C:\Program Files\Common Files\Intel\WirelessCommon\;C:\Program Files\Acer ProShield\;C:\Program Files\Acer ProShield\x86;C:\Program Files (x86)\Acer Proshield\bin\;C:\Program Files\Wave Systems Corp\Wave TSS\bin\;C:\Python35\;C:\Python35\Scripts\;C:\WINDOWS\system32\config\systemprofile\.dnx\bin;C:\Program Files\Microsoft DNX\Dnvm\;C:\Program Files\nodejs\;C:\Users\jhih\AppData\Roaming\npm\;C:\Users\jhih\AppData\Local\Android\android-sdk\platform-tools\;C:\Users\jhih\AppData\Local\Android\android-sdk\tools\;C:\Program Files (x86)\Appium\node_modules\npm\;C:\Program Files (x86)\Windows Live\Shared;C:\Program Files\apache-ant-1.9.7\bin;C:\Program Files\Java\jdk1.8.0_111\bin;C:\Program Files\Java\jre1.8.0_111\bin;C:\Users\jhih\AppData\Local\Android\android-sdk\build-tools\25.0.0;C:\Python35\Lib\site-packages\selenium;C:\apache-ant-1.10.1\bin;C:\Program Files\TortoiseGit\bin;C:\Program Files (x86)\Appium\node_modules\appium\bin\;C:\Program Files (x86)\Skype\Phone\;C:\Users\jhih_chen\AppData\Local\Microsoft\WindowsApps;C:\Program Files (x86)\Microsoft VS Code\bin;D:\eclipse;" />
    <property name="basedir" value="C:\Users\jhih_chen\Desktop\test\APP_Doorphone_Android" />
    <property name="ant.java.version" value="1.8" />
    <property name="ant.core.lib" value="D:\eclipse\plugins\org.apache.ant_1.9.6.v201510161327\lib\ant.jar" />
    <property name="env.USERNAME" value="Jhih_Chen" />
    <property name="env.SystemDrive" value="C:" />
    <property name="source" value="1.8" />
    <property name="file.encoding" value="MS950" />
    <property name="env.USERDOMAIN" value="TUTK" />
    <property name="java.specification.version" value="1.8" />
    <property name="ant.project.invoked-targets" value="build,ForgotPassword_JUnit,junitreport" />
    <property name="env.#envTSLOGsss12756" value="105770624" />
    <property name="env.VBOX_MSI_INSTALL_PATH" value="C:\Program Files\Oracle\VirtualBox\" />
    <property name="env.PROCESSOR_LEVEL" value="6" />
  </properties>
  <testcase classname="com.tutk.kalay.doorphone.ForgotPassword_Junit" name="EmailBlank" time="22.733">
    <error message="org.openqa.selenium.NoSuchElementException: An element could not be located on the page using the given search parameters&#xa;For documentation on this error, please visit: http://seleniumhq.org/exceptions/no_such_element.html&#xa;Build info: version: &apos;2.53.1&apos;, revision: &apos;a36b8b1cd5757287168e54b817830adce9b0158d&apos;, time: &apos;2016-06-30 19:26:09&apos;&#xa;System info: host: &apos;YIL-Jhih-Chen&apos;, ip: &apos;192.168.11.4&apos;, os.name: &apos;Windows 10&apos;, os.arch: &apos;amd64&apos;, os.version: &apos;10.0&apos;, java.version: &apos;1.8.0_111&apos;&#xa;Driver info: driver.version: SeeTestAndroidDriver" type="org.openqa.selenium.NoSuchElementException">org.openqa.selenium.NoSuchElementException: org.openqa.selenium.NoSuchElementException: An element could not be located on the page using the given search parameters
For documentation on this error, please visit: http://seleniumhq.org/exceptions/no_such_element.html
Build info: version: &apos;2.53.1&apos;, revision: &apos;a36b8b1cd5757287168e54b817830adce9b0158d&apos;, time: &apos;2016-06-30 19:26:09&apos;
System info: host: &apos;YIL-Jhih-Chen&apos;, ip: &apos;192.168.11.4&apos;, os.name: &apos;Windows 10&apos;, os.arch: &apos;amd64&apos;, os.version: &apos;10.0&apos;, java.version: &apos;1.8.0_111&apos;
Driver info: driver.version: SeeTestAndroidDriver
	at com.experitest.appium.STExceptions.throwNoSuchElementException(STExceptions.java:8)
	at com.experitest.appium.SeeTestAndroidElement.findElementBy(SeeTestAndroidElement.java:36)
	at com.experitest.appium.SeeTestAndroidDriver.findElementBy(SeeTestAndroidDriver.java:82)
	at com.experitest.appium.SeeTestAndroidDriver.findElementByXPath(SeeTestAndroidDriver.java:582)
	at org.openqa.selenium.By$ByXPath.findElement(By.java:361)
	at org.openqa.selenium.remote.RemoteWebDriver.findElement(RemoteWebDriver.java:355)
	at io.appium.java_client.DefaultGenericMobileDriver.findElement(DefaultGenericMobileDriver.java:52)
	at io.appium.java_client.AppiumDriver.findElement(AppiumDriver.java:1)
	at io.appium.java_client.android.AndroidDriver.findElement(AndroidDriver.java:1)
	at com.experitest.appium.SeeTestAndroidDriver.findElement(SeeTestAndroidDriver.java:804)
	at com.tutk.kalay.doorphone.ForgotPassword_TestCase.EmailBlank(ForgotPassword_TestCase.java:15)
	at com.tutk.kalay.doorphone.ForgotPassword_Junit.EmailBlank(ForgotPassword_Junit.java:12)
</error>
  </testcase>
  <testcase classname="com.tutk.kalay.doorphone.ForgotPassword_Junit" name="InvalidEmail" time="20.962">
    <error message="org.openqa.selenium.NoSuchElementException: An element could not be located on the page using the given search parameters&#xa;For documentation on this error, please visit: http://seleniumhq.org/exceptions/no_such_element.html&#xa;Build info: version: &apos;2.53.1&apos;, revision: &apos;a36b8b1cd5757287168e54b817830adce9b0158d&apos;, time: &apos;2016-06-30 19:26:09&apos;&#xa;System info: host: &apos;YIL-Jhih-Chen&apos;, ip: &apos;192.168.11.4&apos;, os.name: &apos;Windows 10&apos;, os.arch: &apos;amd64&apos;, os.version: &apos;10.0&apos;, java.version: &apos;1.8.0_111&apos;&#xa;Driver info: driver.version: SeeTestAndroidDriver" type="org.openqa.selenium.NoSuchElementException">org.openqa.selenium.NoSuchElementException: org.openqa.selenium.NoSuchElementException: An element could not be located on the page using the given search parameters
For documentation on this error, please visit: http://seleniumhq.org/exceptions/no_such_element.html
Build info: version: &apos;2.53.1&apos;, revision: &apos;a36b8b1cd5757287168e54b817830adce9b0158d&apos;, time: &apos;2016-06-30 19:26:09&apos;
System info: host: &apos;YIL-Jhih-Chen&apos;, ip: &apos;192.168.11.4&apos;, os.name: &apos;Windows 10&apos;, os.arch: &apos;amd64&apos;, os.version: &apos;10.0&apos;, java.version: &apos;1.8.0_111&apos;
Driver info: driver.version: SeeTestAndroidDriver
	at com.experitest.appium.STExceptions.throwNoSuchElementException(STExceptions.java:8)
	at com.experitest.appium.SeeTestAndroidElement.findElementBy(SeeTestAndroidElement.java:36)
	at com.experitest.appium.SeeTestAndroidDriver.findElementBy(SeeTestAndroidDriver.java:82)
	at com.experitest.appium.SeeTestAndroidDriver.findElementByXPath(SeeTestAndroidDriver.java:582)
	at org.openqa.selenium.By$ByXPath.findElement(By.java:361)
	at org.openqa.selenium.remote.RemoteWebDriver.findElement(RemoteWebDriver.java:355)
	at io.appium.java_client.DefaultGenericMobileDriver.findElement(DefaultGenericMobileDriver.java:52)
	at io.appium.java_client.AppiumDriver.findElement(AppiumDriver.java:1)
	at io.appium.java_client.android.AndroidDriver.findElement(AndroidDriver.java:1)
	at com.experitest.appium.SeeTestAndroidDriver.findElement(SeeTestAndroidDriver.java:804)
	at com.tutk.kalay.doorphone.ForgotPassword_TestCase.InvalidEmail(ForgotPassword_TestCase.java:30)
	at com.tutk.kalay.doorphone.ForgotPassword_Junit.InvalidEmail(ForgotPassword_Junit.java:16)
</error>
  </testcase>
  <system-out><![CDATA[測試設備(UDID/Android Version)
FA36NW913465/5.0.1
[Tue Apr 11 14:28:09 CST 2017] [driver] Starting test: 'Untitled'
[Tue Apr 11 14:28:09 CST 2017] [driver] {appPackage=com.tutk.kalay.doorphone, noReset=false, dontStopAppOnReset=false, instrumentApp=false, reservationDuration=240, fullReset=false, appActivity=com.tutk.P2PCam264.SplashScreenActivity, waitForDeviceTimeout=60000, useRemoteGrid=false, [enableclientlog, enableclientlogger]=false, autoWebview=false, udid=FA36NW913465, platformName=Android}
[Tue Apr 11 14:28:09 CST 2017] [driver] context: NATIVE_APP
[Tue Apr 11 14:28:09 CST 2017] [driver] application under test: 
[Tue Apr 11 14:28:09 CST 2017] [driver] app path: null
[Tue Apr 11 14:28:09 CST 2017] [driver] full reset: false
[Tue Apr 11 14:28:09 CST 2017] [driver] instrument: false
[Tue Apr 11 14:28:09 CST 2017] [driver] no reset: false
[Tue Apr 11 14:28:09 CST 2017] [driver] package name: com.tutk.kalay.doorphone
[Tue Apr 11 14:28:09 CST 2017] [driver] activity name: com.tutk.P2PCam264.SplashScreenActivity
[Tue Apr 11 14:28:09 CST 2017] [driver] stop on reset: true
[Tue Apr 11 14:28:09 CST 2017] [driver] browser: false
[Tue Apr 11 14:28:09 CST 2017] [driver] connecting localhost:8889
[Tue Apr 11 14:28:09 CST 2017] [driver] Call of getSessionID returned: 755c
[Tue Apr 11 14:28:10 CST 2017] [driver] wait for device '@serialnumber='FA36NW913465'' timeout-ms='60000'
[Tue Apr 11 14:28:10 CST 2017] [driver] Device 'adb:HTC One 801e' ready
[Tue Apr 11 14:28:10 CST 2017] [driver] launching com.tutk.kalay.doorphone/com.tutk.P2PCam264.SplashScreenActivity ...
[Tue Apr 11 14:28:16 CST 2017] [driver] Call of launchApp returned: native
[Tue Apr 11 14:28:16 CST 2017] [755c] [driver] [start] findElement(By.xpath: //*[@id='id_email'])
[Tue Apr 11 14:28:16 CST 2017] [755c] [driver] [start] findElementByXPath("//*[@id='id_email']")
[Tue Apr 11 14:28:21 CST 2017] [755c] [driver] [end] findElementByXPath
[Tue Apr 11 14:28:21 CST 2017] [755c] [driver] [end] findElement
[Tue Apr 11 14:28:21 CST 2017] [755c] [element] [start] sendKeys("a")
[Tue Apr 11 14:28:28 CST 2017] [755c] [element] [end] sendKeys
[Tue Apr 11 14:28:28 CST 2017] [755c] [driver] [start] hideKeyboard()
[Tue Apr 11 14:28:29 CST 2017] [755c] [driver] [end] hideKeyboard
[Tue Apr 11 14:28:29 CST 2017] [755c] [driver] [start] findElement(By.xpath: //*[@contentDescription='Forgot Password?'])
[Tue Apr 11 14:28:29 CST 2017] [755c] [driver] [start] findElementByXPath("//*[@contentDescription='Forgot Password?']")
[Tue Apr 11 14:28:39 CST 2017] [755c] [driver] [end] findElementByXPath
[Tue Apr 11 14:28:39 CST 2017] [755c] [driver] [end] findElement
測試設備(UDID/Android Version)
FA36NW913465/5.0.1
[Tue Apr 11 14:28:39 CST 2017] [driver] Starting test: 'Untitled'
[Tue Apr 11 14:28:39 CST 2017] [driver] {appPackage=com.tutk.kalay.doorphone, noReset=false, dontStopAppOnReset=false, instrumentApp=false, reservationDuration=240, fullReset=false, appActivity=com.tutk.P2PCam264.SplashScreenActivity, waitForDeviceTimeout=60000, useRemoteGrid=false, [enableclientlog, enableclientlogger]=false, autoWebview=false, udid=FA36NW913465, platformName=Android}
[Tue Apr 11 14:28:39 CST 2017] [driver] context: NATIVE_APP
[Tue Apr 11 14:28:39 CST 2017] [driver] application under test: 
[Tue Apr 11 14:28:39 CST 2017] [driver] app path: null
[Tue Apr 11 14:28:39 CST 2017] [driver] full reset: false
[Tue Apr 11 14:28:39 CST 2017] [driver] instrument: false
[Tue Apr 11 14:28:39 CST 2017] [driver] no reset: false
[Tue Apr 11 14:28:39 CST 2017] [driver] package name: com.tutk.kalay.doorphone
[Tue Apr 11 14:28:39 CST 2017] [driver] activity name: com.tutk.P2PCam264.SplashScreenActivity
[Tue Apr 11 14:28:39 CST 2017] [driver] stop on reset: true
[Tue Apr 11 14:28:39 CST 2017] [driver] browser: false
[Tue Apr 11 14:28:39 CST 2017] [driver] connecting localhost:8889
[Tue Apr 11 14:28:39 CST 2017] [driver] Call of getSessionID returned: d9cf
[Tue Apr 11 14:28:39 CST 2017] [driver] wait for device '@serialnumber='FA36NW913465'' timeout-ms='60000'
[Tue Apr 11 14:28:51 CST 2017] [driver] Device 'adb:HTC One 801e' ready
[Tue Apr 11 14:28:51 CST 2017] [driver] launching com.tutk.kalay.doorphone/com.tutk.P2PCam264.SplashScreenActivity ...
[Tue Apr 11 14:28:57 CST 2017] [driver] Call of launchApp returned: native
[Tue Apr 11 14:28:57 CST 2017] [d9cf] [driver] [start] findElement(By.xpath: //*[@id='id_email'])
[Tue Apr 11 14:28:57 CST 2017] [d9cf] [driver] [start] findElementByXPath("//*[@id='id_email']")
[Tue Apr 11 14:29:01 CST 2017] [d9cf] [driver] [end] findElementByXPath
[Tue Apr 11 14:29:01 CST 2017] [d9cf] [driver] [end] findElement
[Tue Apr 11 14:29:01 CST 2017] [d9cf] [element] [start] sendKeys("a")
[Tue Apr 11 14:29:07 CST 2017] [d9cf] [element] [end] sendKeys
[Tue Apr 11 14:29:07 CST 2017] [d9cf] [driver] [start] hideKeyboard()
[Tue Apr 11 14:29:08 CST 2017] [d9cf] [driver] [end] hideKeyboard
[Tue Apr 11 14:29:08 CST 2017] [d9cf] [driver] [start] findElement(By.xpath: //*[@contentDescription='Forgot Password?'])
[Tue Apr 11 14:29:08 CST 2017] [d9cf] [driver] [start] findElementByXPath("//*[@contentDescription='Forgot Password?']")
[Tue Apr 11 14:29:18 CST 2017] [d9cf] [driver] [end] findElementByXPath
[Tue Apr 11 14:29:18 CST 2017] [d9cf] [driver] [end] findElement
]]></system-out>
  <system-err><![CDATA[]]></system-err>
</testsuite>
