<?xml version="1.0" encoding="UTF-8" ?>
<testsuite errors="0" failures="0" hostname="YIL-Jhih-Chen" name="com.tutk.kalay.vsaas.ForgotPassword_Junit" skipped="0" tests="3" time="84.386" timestamp="2017-06-02T05:08:57">
  <properties>
    <property name="java.vendor" value="Oracle Corporation" />
    <property name="env.USERDOMAIN_ROAMINGPROFILE" value="TUTK" />
    <property name="sun.java.launcher" value="SUN_STANDARD" />
    <property name="eclipse.pdebuild.templates" value="/D:/eclipse/plugins/org.eclipse.pde.build_3.9.100.v20150521-1524/templates/" />
    <property name="sun.management.compiler" value="HotSpot 64-Bit Tiered Compilers" />
    <property name="env.UOIPME_REG_PATH" value="C:\Program Files\Intel Corporation\USB over IP" />
    <property name="env.PROMPT" value="$P$G" />
    <property name="os.name" value="Windows 10" />
    <property name="env.FP_NO_HOST_CHECK" value="NO" />
    <property name="env.C_EM64T_REDIST11" value="C:\Program Files (x86)\Common Files\Intel\Shared Files\cpp\" />
    <property name="sun.boot.class.path" value="C:\Program Files\Java\jre1.8.0_111\lib\resources.jar;C:\Program Files\Java\jre1.8.0_111\lib\rt.jar;C:\Program Files\Java\jre1.8.0_111\lib\sunrsasign.jar;C:\Program Files\Java\jre1.8.0_111\lib\jsse.jar;C:\Program Files\Java\jre1.8.0_111\lib\jce.jar;C:\Program Files\Java\jre1.8.0_111\lib\charsets.jar;C:\Program Files\Java\jre1.8.0_111\lib\jfr.jar;C:\Program Files\Java\jre1.8.0_111\classes" />
    <property name="env.COMPUTERNAME" value="YIL-JHIH-CHEN" />
    <property name="env.CommonProgramW6432" value="C:\Program Files\Common Files" />
    <property name="env.ALLUSERSPROFILE" value="C:\ProgramData" />
    <property name="sun.desktop" value="windows" />
    <property name="java.vm.specification.vendor" value="Oracle Corporation" />
    <property name="ant.home" value="D:\eclipse\plugins\org.apache.ant_1.9.6.v201510161327" />
    <property name="java.runtime.version" value="1.8.0_111-b14" />
    <property name="env.GOPATH" value="C:\work" />
    <property name="env.HOMEPATH" value="\Users\jhih_chen" />
    <property name="user.name" value="Jhih_Chen" />
    <property name="user.language" value="zh" />
    <property name="env.windows_tracing_flags" value="3" />
    <property name="env.TCL_LIBRARY" value="C:\Python35\tcl\tcl8.6" />
    <property name="sun.boot.library.path" value="C:\Program Files\Java\jre1.8.0_111\bin" />
    <property name="ant.project.default-target" value="build" />
    <property name="ant.project.name" value="APP_Vsaas_3.0_Android" />
    <property name="java.version" value="1.8.0_111" />
    <property name="env.PROCESSOR_IDENTIFIER" value="Intel64 Family 6 Model 61 Stepping 4, GenuineIntel" />
    <property name="user.timezone" value="" />
    <property name="env.asl.log" value="Destination=file" />
    <property name="env.TEMP" value="C:\Users\JHIH_C~1\AppData\Local\Temp" />
    <property name="sun.arch.data.model" value="64" />
    <property name="java.endorsed.dirs" value="C:\Program Files\Java\jre1.8.0_111\lib\endorsed" />
    <property name="sun.cpu.isalist" value="amd64" />
    <property name="env.HOMEDRIVE" value="C:" />
    <property name="sun.jnu.encoding" value="MS950" />
    <property name="file.encoding.pkg" value="sun.io" />
    <property name="ECLIPSE_HOME" value="D:/eclipse/" />
    <property name="file.separator" value="\" />
    <property name="java.specification.name" value="Java Platform API Specification" />
    <property name="java.class.version" value="52.0" />
    <property name="user.country" value="TW" />
    <property name="java.home" value="C:\Program Files\Java\jre1.8.0_111" />
    <property name="env.PSModulePath" value="C:\WINDOWS\system32\WindowsPowerShell\v1.0\Modules\" />
    <property name="env.ANDROID_HOME" value="C:\Users\jhih\AppData\Local\Android\android-sdk" />
    <property name="env.APPDATA" value="C:\Users\jhih_chen\AppData\Roaming" />
    <property name="env.PUBLIC" value="C:\Users\Public" />
    <property name="env.windows_tracing_logfile" value="C:\BVTBin\Tests\installpackage\csilogfile.log" />
    <property name="java.vm.info" value="mixed mode" />
    <property name="env.ComSpec" value="C:\WINDOWS\system32\cmd.exe" />
    <property name="env.OS" value="Windows_NT" />
    <property name="env.CommonProgramFiles" value="C:\Program Files\Common Files" />
    <property name="ant.file" value="C:\Users\jhih_chen\Desktop\test\APP_Vsaas_3.0_Android\build.xml" />
    <property name="os.version" value="10.0" />
    <property name="env.ProgramW6432" value="C:\Program Files" />
    <property name="env.GOOGLE_DEFAULT_CLIENT_ID" value="no" />
    <property name="ant.file.APP_Vsaas_3.0_Android" value="C:\Users\jhih_chen\Desktop\test\APP_Vsaas_3.0_Android\build.xml" />
    <property name="path.separator" value=";" />
    <property name="java.vm.version" value="25.111-b14" />
    <property name="user.variant" value="" />
    <property name="env.USERPROFILE" value="C:\Users\jhih_chen" />
    <property name="ant.library.dir" value="D:\eclipse\plugins\org.apache.ant_1.9.6.v201510161327\lib" />
    <property name="junit.output.dir" value="junit" />
    <property name="env.JAVA_HOME" value="C:\Program Files\Java\jdk1.8.0_111" />
    <property name="java.awt.printerjob" value="sun.awt.windows.WPrinterJob" />
    <property name="env.TMP" value="C:\Users\JHIH_C~1\AppData\Local\Temp" />
    <property name="env.FPS_BROWSER_USER_PROFILE_STRING" value="Default" />
    <property name="sun.io.unicode.encoding" value="UnicodeLittle" />
    <property name="awt.toolkit" value="sun.awt.windows.WToolkit" />
    <property name="user.script" value="" />
    <property name="eclipse.pdebuild.scripts" value="/D:/eclipse/plugins/org.eclipse.pde.build_3.9.100.v20150521-1524/scripts/" />
    <property name="target" value="1.8" />
    <property name="user.home" value="C:\Users\jhih_chen" />
    <property name="env.ProgramData" value="C:\ProgramData" />
    <property name="env.VS140COMNTOOLS" value="C:\Program Files (x86)\Microsoft Visual Studio 14.0\Common7\Tools\" />
    <property name="env.SESSIONNAME" value="Console" />
    <property name="env.ProgramFiles(x86)" value="C:\Program Files (x86)" />
    <property name="java.specification.vendor" value="Oracle Corporation" />
    <property name="java.vendor.url" value="http://java.oracle.com/" />
    <property name="env.NUMBER_OF_PROCESSORS" value="4" />
    <property name="java.library.path" value="C:\Program Files\Java\jre1.8.0_111\bin;C:\WINDOWS\Sun\Java\bin;C:\WINDOWS\system32;C:\WINDOWS;C:/Program Files/Java/jre1.8.0_111/bin/server;C:/Program Files/Java/jre1.8.0_111/bin;C:/Program Files/Java/jre1.8.0_111/lib/amd64;C:\Program Files (x86)\ActiveState Komodo Edit 10\;C:\ProgramData\Oracle\Java\javapath;C:\Program Files (x86)\Common Files\Intel\Shared Files\cpp\bin\Intel64;C:\Program Files (x86)\Intel\iCLS Client\;C:\Program Files\Intel\iCLS Client\;C:\WINDOWS\system32;C:\WINDOWS;C:\WINDOWS\System32\Wbem;C:\WINDOWS\System32\WindowsPowerShell\v1.0\;C:\Program Files\Intel\Intel(R) Management Engine Components\DAL;C:\Program Files (x86)\Intel\Intel(R) Management Engine Components\DAL;C:\Program Files\Intel\Intel(R) Management Engine Components\IPT;C:\Program Files (x86)\Intel\Intel(R) Management Engine Components\IPT;C:\Program Files\Intel\WiFi\bin\;C:\Program Files\Common Files\Intel\WirelessCommon\;C:\Program Files\Acer ProShield\;C:\Program Files\Acer ProShield\x86;C:\Program Files (x86)\Acer Proshield\bin\;C:\Program Files\Wave Systems Corp\Wave TSS\bin\;C:\Python35\;C:\Python35\Scripts\;C:\WINDOWS\system32\config\systemprofile\.dnx\bin;C:\Program Files\Microsoft DNX\Dnvm\;C:\Program Files\nodejs\;C:\Users\jhih\AppData\Roaming\npm\;C:\Users\jhih\AppData\Local\Android\android-sdk\platform-tools\;C:\Users\jhih\AppData\Local\Android\android-sdk\tools\;C:\Program Files (x86)\Appium\node_modules\npm\;C:\Program Files (x86)\Windows Live\Shared;C:\Program Files\apache-ant-1.9.7\bin;C:\Program Files\Java\jdk1.8.0_111\bin;C:\Program Files\Java\jre1.8.0_111\bin;C:\Users\jhih\AppData\Local\Android\android-sdk\build-tools\25.0.0;C:\Python35\Lib\site-packages\selenium;C:\apache-ant-1.10.1\bin;C:\Program Files\TortoiseGit\bin;C:\Program Files (x86)\Appium\node_modules\appium\bin\;C:\Program Files (x86)\Skype\Phone\;C:\Users\jhih_chen\AppData\Local\Microsoft\WindowsApps;C:\Program Files (x86)\Microsoft VS Code\bin;D:\eclipse;;." />
    <property name="env.GOOGLE_API_KEY" value="no" />
    <property name="env.USERDNSDOMAIN" value="TUTK.COM" />
    <property name="java.vm.vendor" value="Oracle Corporation" />
    <property name="env.TK_LIBRARY" value="C:\Python35\tcl\tk8.6" />
    <property name="java.runtime.name" value="Java(TM) SE Runtime Environment" />
    <property name="ant.version" value="Apache Ant(TM) version 1.9.6 compiled on June 29 2015" />
    <property name="java.class.path" value="C:\Users\jhih_chen\Desktop\test\APP_Vsaas_3.0_Android\bin;D:\eclipse\plugins\org.junit_4.12.0.v201504281640\junit.jar;D:\eclipse\plugins\org.hamcrest.core_1.3.0.v201303031735.jar;C:\Users\jhih_chen\Desktop\test\APP_Vsaas_3.0_Android\seetest_lib\appium-client.jar;C:\Users\jhih_chen\Desktop\test\APP_Vsaas_3.0_Android\seetest_lib\aspectjweaver-1.8.9.jar;C:\Users\jhih_chen\Desktop\test\APP_Vsaas_3.0_Android\seetest_lib\boon-0.33.jar;C:\Users\jhih_chen\Desktop\test\APP_Vsaas_3.0_Android\seetest_lib\cglib-nodep-3.2.4.jar;C:\Users\jhih_chen\Desktop\test\APP_Vsaas_3.0_Android\seetest_lib\clientsGenerator-10.8.jar;C:\Users\jhih_chen\Desktop\test\APP_Vsaas_3.0_Android\seetest_lib\commons-beanutils-1.9.2.jar;C:\Users\jhih_chen\Desktop\test\APP_Vsaas_3.0_Android\seetest_lib\commons-codec-1.10.jar;C:\Users\jhih_chen\Desktop\test\APP_Vsaas_3.0_Android\seetest_lib\commons-collections-3.2.2.jar;C:\Users\jhih_chen\Desktop\test\APP_Vsaas_3.0_Android\seetest_lib\commons-digester-1.8.1.jar;C:\Users\jhih_chen\Desktop\test\APP_Vsaas_3.0_Android\seetest_lib\commons-exec-1.3.jar;C:\Users\jhih_chen\Desktop\test\APP_Vsaas_3.0_Android\seetest_lib\commons-io-2.4.jar;C:\Users\jhih_chen\Desktop\test\APP_Vsaas_3.0_Android\seetest_lib\commons-lang-2.6.jar;C:\Users\jhih_chen\Desktop\test\APP_Vsaas_3.0_Android\seetest_lib\commons-lang3-3.4.jar;C:\Users\jhih_chen\Desktop\test\APP_Vsaas_3.0_Android\seetest_lib\commons-logging-1.2.jar;C:\Users\jhih_chen\Desktop\test\APP_Vsaas_3.0_Android\seetest_lib\commons-validator-1.5.1.jar;C:\Users\jhih_chen\Desktop\test\APP_Vsaas_3.0_Android\seetest_lib\cssparser-0.9.18.jar;C:\Users\jhih_chen\Desktop\test\APP_Vsaas_3.0_Android\seetest_lib\gson-2.7.jar;C:\Users\jhih_chen\Desktop\test\APP_Vsaas_3.0_Android\seetest_lib\guava-19.0.jar;C:\Users\jhih_chen\Desktop\test\APP_Vsaas_3.0_Android\seetest_lib\hamcrest-core-1.3.jar;C:\Users\jhih_chen\Desktop\test\APP_Vsaas_3.0_Android\seetest_lib\htmlunit-2.21.jar;C:\Users\jhih_chen\Desktop\test\APP_Vsaas_3.0_Android\seetest_lib\htmlunit-core-js-2.17.jar;C:\Users\jhih_chen\Desktop\test\APP_Vsaas_3.0_Android\seetest_lib\htmlunit-driver-2.21.jar;C:\Users\jhih_chen\Desktop\test\APP_Vsaas_3.0_Android\seetest_lib\httpclient-4.5.2.jar;C:\Users\jhih_chen\Desktop\test\APP_Vsaas_3.0_Android\seetest_lib\httpcore-4.4.4.jar;C:\Users\jhih_chen\Desktop\test\APP_Vsaas_3.0_Android\seetest_lib\httpmime-4.5.2.jar;C:\Users\jhih_chen\Desktop\test\APP_Vsaas_3.0_Android\seetest_lib\imageClient-10.8.jar;C:\Users\jhih_chen\Desktop\test\APP_Vsaas_3.0_Android\seetest_lib\java-client-4.1.2.jar;C:\Users\jhih_chen\Desktop\test\APP_Vsaas_3.0_Android\seetest_lib\jetty-io-9.2.15.v20160210.jar;C:\Users\jhih_chen\Desktop\test\APP_Vsaas_3.0_Android\seetest_lib\jetty-util-9.2.15.v20160210.jar;C:\Users\jhih_chen\Desktop\test\APP_Vsaas_3.0_Android\seetest_lib\jna-4.1.0.jar;C:\Users\jhih_chen\Desktop\test\APP_Vsaas_3.0_Android\seetest_lib\jna-platform-4.1.0.jar;C:\Users\jhih_chen\Desktop\test\APP_Vsaas_3.0_Android\seetest_lib\junit-4.12.jar;C:\Users\jhih_chen\Desktop\test\APP_Vsaas_3.0_Android\seetest_lib\neko-htmlunit-2.21.jar;C:\Users\jhih_chen\Desktop\test\APP_Vsaas_3.0_Android\seetest_lib\netty-3.5.7.Final.jar;C:\Users\jhih_chen\Desktop\test\APP_Vsaas_3.0_Android\seetest_lib\sac-1.3.jar;C:\Users\jhih_chen\Desktop\test\APP_Vsaas_3.0_Android\seetest_lib\selenium-api-2.53.1.jar;C:\Users\jhih_chen\Desktop\test\APP_Vsaas_3.0_Android\seetest_lib\selenium-chrome-driver-2.53.1.jar;C:\Users\jhih_chen\Desktop\test\APP_Vsaas_3.0_Android\seetest_lib\selenium-edge-driver-2.53.1.jar;C:\Users\jhih_chen\Desktop\test\APP_Vsaas_3.0_Android\seetest_lib\selenium-firefox-driver-2.53.1.jar;C:\Users\jhih_chen\Desktop\test\APP_Vsaas_3.0_Android\seetest_lib\selenium-ie-driver-2.53.1.jar;C:\Users\jhih_chen\Desktop\test\APP_Vsaas_3.0_Android\seetest_lib\selenium-java-2.53.1.jar;C:\Users\jhih_chen\Desktop\test\APP_Vsaas_3.0_Android\seetest_lib\selenium-leg-rc-2.53.1.jar;C:\Users\jhih_chen\Desktop\test\APP_Vsaas_3.0_Android\seetest_lib\selenium-remote-driver-2.53.1.jar;C:\Users\jhih_chen\Desktop\test\APP_Vsaas_3.0_Android\seetest_lib\selenium-safari-driver-2.53.1.jar;C:\Users\jhih_chen\Desktop\test\APP_Vsaas_3.0_Android\seetest_lib\selenium-support-2.53.1.jar;C:\Users\jhih_chen\Desktop\test\APP_Vsaas_3.0_Android\seetest_lib\serializer-2.7.2.jar;C:\Users\jhih_chen\Desktop\test\APP_Vsaas_3.0_Android\seetest_lib\spring-aop-4.3.2.RELEASE.jar;C:\Users\jhih_chen\Desktop\test\APP_Vsaas_3.0_Android\seetest_lib\spring-beans-4.3.2.RELEASE.jar;C:\Users\jhih_chen\Desktop\test\APP_Vsaas_3.0_Android\seetest_lib\spring-context-4.3.2.RELEASE.jar;C:\Users\jhih_chen\Desktop\test\APP_Vsaas_3.0_Android\seetest_lib\spring-core-4.3.2.RELEASE.jar;C:\Users\jhih_chen\Desktop\test\APP_Vsaas_3.0_Android\seetest_lib\spring-expression-4.3.2.RELEASE.jar;C:\Users\jhih_chen\Desktop\test\APP_Vsaas_3.0_Android\seetest_lib\websocket-api-9.2.15.v20160210.jar;C:\Users\jhih_chen\Desktop\test\APP_Vsaas_3.0_Android\seetest_lib\websocket-client-9.2.15.v20160210.jar;C:\Users\jhih_chen\Desktop\test\APP_Vsaas_3.0_Android\seetest_lib\websocket-common-9.2.15.v20160210.jar;C:\Users\jhih_chen\Desktop\test\APP_Vsaas_3.0_Android\seetest_lib\ws-commons-util-1.0.2.jar;C:\Users\jhih_chen\Desktop\test\APP_Vsaas_3.0_Android\seetest_lib\xalan-2.7.2.jar;C:\Users\jhih_chen\Desktop\test\APP_Vsaas_3.0_Android\seetest_lib\xercesImpl-2.11.0.jar;C:\Users\jhih_chen\Desktop\test\APP_Vsaas_3.0_Android\seetest_lib\xml-apis-1.4.01.jar;C:\Users\jhih_chen\Desktop\test\APP_Vsaas_3.0_Android\seetest_lib\xmlrpc-client-3.1.2.jar;C:\Users\jhih_chen\Desktop\test\APP_Vsaas_3.0_Android\seetest_lib\xmlrpc-common-3.1.2.jar;C:\Users\jhih_chen\Desktop\test\APP_Vsaas_3.0_Android\poi-3.16.jar;D:\eclipse\plugins\org.apache.ant_1.9.6.v201510161327\lib\ant-launcher.jar;D:\eclipse\plugins\org.apache.ant_1.9.6.v201510161327\lib\ant.jar;D:\eclipse\plugins\org.apache.ant_1.9.6.v201510161327\lib\ant-junit.jar;D:\eclipse\plugins\org.apache.ant_1.9.6.v201510161327\lib\ant-junit4.jar" />
    <property name="sun.java.command" value="org.apache.tools.ant.taskdefs.optional.junit.JUnitTestRunner com.tutk.kalay.vsaas.ForgotPassword_Junit skipNonTests=false filtertrace=true haltOnError=false haltOnFailure=false formatter=org.apache.tools.ant.taskdefs.optional.junit.OutErrSummaryJUnitResultFormatter showoutput=false outputtoformatters=true logfailedtests=true threadid=0 logtestlistenerevents=false formatter=org.apache.tools.ant.taskdefs.optional.junit.XMLJUnitResultFormatter,C:\Users\jhih_chen\Desktop\test\APP_Vsaas_3.0_Android\junit\TEST-com.tutk.kalay.vsaas.ForgotPassword_Junit.xml crashfile=C:\Users\jhih_chen\Desktop\test\APP_Vsaas_3.0_Android\junitvmwatcher2749721453368209157.properties propsfile=C:\Users\jhih_chen\Desktop\test\APP_Vsaas_3.0_Android\junit3396377809397040097.properties" />
    <property name="java.vm.specification.name" value="Java Virtual Machine Specification" />
    <property name="env.LOGONSERVER" value="\\TUTKDCTW" />
    <property name="env.windir" value="C:\WINDOWS" />
    <property name="env.PROCESSOR_ARCHITECTURE" value="AMD64" />
    <property name="java.vm.specification.version" value="1.8" />
    <property name="ant.file.type.APP_Vsaas_3.0_Android" value="file" />
    <property name="sun.cpu.endian" value="little" />
    <property name="sun.os.patch.level" value="" />
    <property name="debuglevel" value="source,lines,vars" />
    <property name="env.OneDrive" value="C:\Users\jhih_chen\OneDrive" />
    <property name="env.ProgramFiles" value="C:\Program Files" />
    <property name="env.ANT_HOME" value="D:\eclipse\plugins\org.apache.ant_1.9.6.v201510161327" />
    <property name="env.PROCESSOR_REVISION" value="3d04" />
    <property name="eclipse.pdebuild.home" value="/D:/eclipse/plugins/org.eclipse.pde.build_3.9.100.v20150521-1524/./" />
    <property name="java.io.tmpdir" value="C:\Users\JHIH_C~1\AppData\Local\Temp\" />
    <property name="env.CommonProgramFiles(x86)" value="C:\Program Files (x86)\Common Files" />
    <property name="java.vendor.url.bug" value="http://bugreport.sun.com/bugreport/" />
    <property name="env.SystemRoot" value="C:\WINDOWS" />
    <property name="env.FPS_BROWSER_APP_PROFILE_STRING" value="Internet Explorer" />
    <property name="env.#envTSLOGsss10668" value="7752288" />
    <property name="java.awt.graphicsenv" value="sun.awt.Win32GraphicsEnvironment" />
    <property name="os.arch" value="amd64" />
    <property name="java.ext.dirs" value="C:\Program Files\Java\jre1.8.0_111\lib\ext;C:\WINDOWS\Sun\Java\lib\ext" />
    <property name="user.dir" value="C:\Users\jhih_chen\Desktop\test\APP_Vsaas_3.0_Android" />
    <property name="env.LOCALAPPDATA" value="C:\Users\jhih_chen\AppData\Local" />
    <property name="line.separator" value="&#xd;&#xa;" />
    <property name="java.vm.name" value="Java HotSpot(TM) 64-Bit Server VM" />
    <property name="env.PATHEXT" value=".COM;.EXE;.BAT;.CMD;.VBS;.VBE;.JS;.JSE;.WSF;.WSH;.MSC;.pyw" />
    <property name="env.Path" value="C:/Program Files/Java/jre1.8.0_111/bin/server;C:/Program Files/Java/jre1.8.0_111/bin;C:/Program Files/Java/jre1.8.0_111/lib/amd64;C:\Program Files (x86)\ActiveState Komodo Edit 10\;C:\ProgramData\Oracle\Java\javapath;C:\Program Files (x86)\Common Files\Intel\Shared Files\cpp\bin\Intel64;C:\Program Files (x86)\Intel\iCLS Client\;C:\Program Files\Intel\iCLS Client\;C:\WINDOWS\system32;C:\WINDOWS;C:\WINDOWS\System32\Wbem;C:\WINDOWS\System32\WindowsPowerShell\v1.0\;C:\Program Files\Intel\Intel(R) Management Engine Components\DAL;C:\Program Files (x86)\Intel\Intel(R) Management Engine Components\DAL;C:\Program Files\Intel\Intel(R) Management Engine Components\IPT;C:\Program Files (x86)\Intel\Intel(R) Management Engine Components\IPT;C:\Program Files\Intel\WiFi\bin\;C:\Program Files\Common Files\Intel\WirelessCommon\;C:\Program Files\Acer ProShield\;C:\Program Files\Acer ProShield\x86;C:\Program Files (x86)\Acer Proshield\bin\;C:\Program Files\Wave Systems Corp\Wave TSS\bin\;C:\Python35\;C:\Python35\Scripts\;C:\WINDOWS\system32\config\systemprofile\.dnx\bin;C:\Program Files\Microsoft DNX\Dnvm\;C:\Program Files\nodejs\;C:\Users\jhih\AppData\Roaming\npm\;C:\Users\jhih\AppData\Local\Android\android-sdk\platform-tools\;C:\Users\jhih\AppData\Local\Android\android-sdk\tools\;C:\Program Files (x86)\Appium\node_modules\npm\;C:\Program Files (x86)\Windows Live\Shared;C:\Program Files\apache-ant-1.9.7\bin;C:\Program Files\Java\jdk1.8.0_111\bin;C:\Program Files\Java\jre1.8.0_111\bin;C:\Users\jhih\AppData\Local\Android\android-sdk\build-tools\25.0.0;C:\Python35\Lib\site-packages\selenium;C:\apache-ant-1.10.1\bin;C:\Program Files\TortoiseGit\bin;C:\Program Files (x86)\Appium\node_modules\appium\bin\;C:\Program Files (x86)\Skype\Phone\;C:\Users\jhih_chen\AppData\Local\Microsoft\WindowsApps;C:\Program Files (x86)\Microsoft VS Code\bin;D:\eclipse;" />
    <property name="basedir" value="C:\Users\jhih_chen\Desktop\test\APP_Vsaas_3.0_Android" />
    <property name="ant.java.version" value="1.8" />
    <property name="ant.core.lib" value="D:\eclipse\plugins\org.apache.ant_1.9.6.v201510161327\lib\ant.jar" />
    <property name="env.USERNAME" value="Jhih_Chen" />
    <property name="env.SystemDrive" value="C:" />
    <property name="source" value="1.8" />
    <property name="file.encoding" value="MS950" />
    <property name="env.USERDOMAIN" value="TUTK" />
    <property name="env.GOOGLE_DEFAULT_CLIENT_SECRET" value="no" />
    <property name="java.specification.version" value="1.8" />
    <property name="ant.project.invoked-targets" value="build,ForgotPassword_Junit,junitreport" />
    <property name="env.VBOX_MSI_INSTALL_PATH" value="C:\Program Files\Oracle\VirtualBox\" />
    <property name="env.PROCESSOR_LEVEL" value="6" />
  </properties>
  <testcase classname="com.tutk.kalay.vsaas.ForgotPassword_Junit" name="EmailBlank" time="11.448" />
  <testcase classname="com.tutk.kalay.vsaas.ForgotPassword_Junit" name="ForgotPwd" time="29.409" />
  <testcase classname="com.tutk.kalay.vsaas.ForgotPassword_Junit" name="InvalidEmail" time="18.116" />
  <system-out><![CDATA[測試設備(UDID/Android Version)
410054eac81a91c1/6.0.1
[Fri Jun 02 13:08:58 CST 2017] [driver] Starting test: 'Untitled'
[Fri Jun 02 13:08:58 CST 2017] [driver] {appPackage=com.tutk.kalayvsaas, dontGoHomeOnQuit=false, noReset=false, dontStopAppOnReset=false, instrumentApp=false, reservationDuration=240, fullReset=false, appActivity=com.tutk.kalayvsaas.SplashScreenActivity, waitForDeviceTimeout=60000, useRemoteGrid=false, [enableclientlog, enableclientlogger]=false, autoWebview=false, udid=410054eac81a91c1, platformName=Android}
[Fri Jun 02 13:08:58 CST 2017] [driver] context: NATIVE_APP
[Fri Jun 02 13:08:58 CST 2017] [driver] application under test: 
[Fri Jun 02 13:08:58 CST 2017] [driver] app path: null
[Fri Jun 02 13:08:58 CST 2017] [driver] full reset: false
[Fri Jun 02 13:08:58 CST 2017] [driver] instrument: false
[Fri Jun 02 13:08:58 CST 2017] [driver] no reset: false
[Fri Jun 02 13:08:58 CST 2017] [driver] package name: com.tutk.kalayvsaas
[Fri Jun 02 13:08:58 CST 2017] [driver] activity name: com.tutk.kalayvsaas.SplashScreenActivity
[Fri Jun 02 13:08:58 CST 2017] [driver] stop on reset: true
[Fri Jun 02 13:08:58 CST 2017] [driver] browser: false
[Fri Jun 02 13:08:59 CST 2017] [driver] connecting localhost:8889
[Fri Jun 02 13:08:59 CST 2017] [driver] Call of getSessionID returned: 97e3
[Fri Jun 02 13:08:59 CST 2017] [driver] wait for device '@serialnumber='410054eac81a91c1'' timeout-ms='60000'
[Fri Jun 02 13:08:59 CST 2017] [driver] Device 'adb:SM-N910U' ready
[Fri Jun 02 13:08:59 CST 2017] [driver] launching com.tutk.kalayvsaas/com.tutk.kalayvsaas.SplashScreenActivity ...
[Fri Jun 02 13:09:07 CST 2017] [driver] Call of launchApp returned: native
[Fri Jun 02 13:09:07 CST 2017] [97e3] [driver] [start] findElement(By.xpath: //*[@contentDescription='忘記密碼?'])
[Fri Jun 02 13:09:07 CST 2017] [97e3] [driver] [start] findElementByXPath("//*[@contentDescription='忘記密碼?']")
[Fri Jun 02 13:09:13 CST 2017] [97e3] [driver] [end] findElementByXPath
[Fri Jun 02 13:09:13 CST 2017] [97e3] [driver] [end] findElement
[Fri Jun 02 13:09:13 CST 2017] [97e3] [element] [start] click()
[Fri Jun 02 13:09:13 CST 2017] [97e3] [element] [end] click
[Fri Jun 02 13:09:13 CST 2017] [97e3] [driver] [start] hideKeyboard()
[Fri Jun 02 13:09:14 CST 2017] [97e3] [driver] [end] hideKeyboard
[Fri Jun 02 13:09:14 CST 2017] [97e3] [driver] [start] findElement(By.xpath: //*[@id='submit'])
[Fri Jun 02 13:09:14 CST 2017] [97e3] [driver] [start] findElementByXPath("//*[@id='submit']")
[Fri Jun 02 13:09:15 CST 2017] [97e3] [driver] [end] findElementByXPath
[Fri Jun 02 13:09:15 CST 2017] [97e3] [driver] [end] findElement
[Fri Jun 02 13:09:15 CST 2017] [97e3] [element] [start] click()
[Fri Jun 02 13:09:15 CST 2017] [97e3] [element] [end] click
[Fri Jun 02 13:09:15 CST 2017] [97e3] [driver] [start] findElement(By.xpath: //*[@content-desc='請輸入您的信箱'])
[Fri Jun 02 13:09:15 CST 2017] [97e3] [driver] [start] findElementByXPath("//*[@content-desc='請輸入您的信箱']")
[Fri Jun 02 13:09:16 CST 2017] [97e3] [driver] [end] findElementByXPath
[Fri Jun 02 13:09:16 CST 2017] [97e3] [driver] [end] findElement
[Fri Jun 02 13:09:16 CST 2017] [97e3] [element] [start] getAttribute("content-desc")
[Fri Jun 02 13:09:16 CST 2017] [97e3] [element] [end] getAttribute
[Fri Jun 02 13:09:16 CST 2017] [97e3] [driver] [start] quit()
[Fri Jun 02 13:09:18 CST 2017] [driver] Call of close returned: null
[Fri Jun 02 13:09:18 CST 2017] [97e3] [driver] [end] quit
測試設備(UDID/Android Version)
410054eac81a91c1/6.0.1
[Fri Jun 02 13:09:18 CST 2017] [driver] Starting test: 'Untitled'
[Fri Jun 02 13:09:18 CST 2017] [driver] {appPackage=com.tutk.kalayvsaas, dontGoHomeOnQuit=false, noReset=false, dontStopAppOnReset=false, instrumentApp=false, reservationDuration=240, fullReset=false, appActivity=com.tutk.kalayvsaas.SplashScreenActivity, waitForDeviceTimeout=60000, useRemoteGrid=false, [enableclientlog, enableclientlogger]=false, autoWebview=false, udid=410054eac81a91c1, platformName=Android}
[Fri Jun 02 13:09:18 CST 2017] [driver] context: NATIVE_APP
[Fri Jun 02 13:09:18 CST 2017] [driver] application under test: 
[Fri Jun 02 13:09:18 CST 2017] [driver] app path: null
[Fri Jun 02 13:09:18 CST 2017] [driver] full reset: false
[Fri Jun 02 13:09:18 CST 2017] [driver] instrument: false
[Fri Jun 02 13:09:18 CST 2017] [driver] no reset: false
[Fri Jun 02 13:09:18 CST 2017] [driver] package name: com.tutk.kalayvsaas
[Fri Jun 02 13:09:18 CST 2017] [driver] activity name: com.tutk.kalayvsaas.SplashScreenActivity
[Fri Jun 02 13:09:18 CST 2017] [driver] stop on reset: true
[Fri Jun 02 13:09:18 CST 2017] [driver] browser: false
[Fri Jun 02 13:09:18 CST 2017] [driver] connecting localhost:8889
[Fri Jun 02 13:09:18 CST 2017] [driver] Call of getSessionID returned: df39
[Fri Jun 02 13:09:18 CST 2017] [driver] wait for device '@serialnumber='410054eac81a91c1'' timeout-ms='60000'
[Fri Jun 02 13:09:18 CST 2017] [driver] Device 'adb:SM-N910U' ready
[Fri Jun 02 13:09:19 CST 2017] [driver] launching com.tutk.kalayvsaas/com.tutk.kalayvsaas.SplashScreenActivity ...
[Fri Jun 02 13:09:26 CST 2017] [driver] Call of launchApp returned: native
[Fri Jun 02 13:09:26 CST 2017] [df39] [driver] [start] findElement(By.xpath: //*[@contentDescription='忘記密碼?'])
[Fri Jun 02 13:09:26 CST 2017] [df39] [driver] [start] findElementByXPath("//*[@contentDescription='忘記密碼?']")
[Fri Jun 02 13:09:31 CST 2017] [df39] [driver] [end] findElementByXPath
[Fri Jun 02 13:09:31 CST 2017] [df39] [driver] [end] findElement
[Fri Jun 02 13:09:31 CST 2017] [df39] [element] [start] click()
[Fri Jun 02 13:09:31 CST 2017] [df39] [element] [end] click
[Fri Jun 02 13:09:31 CST 2017] [df39] [driver] [start] findElement(By.xpath: //*[@id='id_email'])
[Fri Jun 02 13:09:31 CST 2017] [df39] [driver] [start] findElementByXPath("//*[@id='id_email']")
[Fri Jun 02 13:09:31 CST 2017] [df39] [driver] [end] findElementByXPath
[Fri Jun 02 13:09:31 CST 2017] [df39] [driver] [end] findElement
[Fri Jun 02 13:09:31 CST 2017] [df39] [element] [start] sendKeys("jhih_chen@sina.com")
[Fri Jun 02 13:09:39 CST 2017] [df39] [element] [end] sendKeys
[Fri Jun 02 13:09:39 CST 2017] [df39] [driver] [start] hideKeyboard()
[Fri Jun 02 13:09:41 CST 2017] [df39] [driver] [end] hideKeyboard
[Fri Jun 02 13:09:41 CST 2017] [df39] [driver] [start] findElement(By.xpath: //*[@id='submit'])
[Fri Jun 02 13:09:41 CST 2017] [df39] [driver] [start] findElementByXPath("//*[@id='submit']")
[Fri Jun 02 13:09:41 CST 2017] [df39] [driver] [end] findElementByXPath
[Fri Jun 02 13:09:41 CST 2017] [df39] [driver] [end] findElement
[Fri Jun 02 13:09:41 CST 2017] [df39] [element] [start] click()
[Fri Jun 02 13:09:41 CST 2017] [df39] [element] [end] click
[Fri Jun 02 13:09:41 CST 2017] [df39] [driver] [start] findElement(By.xpath: //*[@content-desc='確認'])
[Fri Jun 02 13:09:41 CST 2017] [df39] [driver] [start] findElementByXPath("//*[@content-desc='確認']")
[Fri Jun 02 13:09:52 CST 2017] [df39] [driver] [end] findElementByXPath
[Fri Jun 02 13:09:52 CST 2017] [df39] [driver] [end] findElement
[Fri Jun 02 13:09:52 CST 2017] [df39] [driver] [start] findElement(By.xpath: //*[@content-desc='確認'])
[Fri Jun 02 13:09:52 CST 2017] [df39] [driver] [start] findElementByXPath("//*[@content-desc='確認']")
[Fri Jun 02 13:09:53 CST 2017] [df39] [driver] [end] findElementByXPath
[Fri Jun 02 13:09:53 CST 2017] [df39] [driver] [end] findElement
[Fri Jun 02 13:09:53 CST 2017] [df39] [driver] [start] findElement(By.xpath: //*[@content-desc='確認'])
[Fri Jun 02 13:09:53 CST 2017] [df39] [driver] [start] findElementByXPath("//*[@content-desc='確認']")
[Fri Jun 02 13:09:53 CST 2017] [df39] [driver] [end] findElementByXPath
[Fri Jun 02 13:09:53 CST 2017] [df39] [driver] [end] findElement
[Fri Jun 02 13:09:53 CST 2017] [df39] [element] [start] isDisplayed()
[Fri Jun 02 13:09:53 CST 2017] [df39] [element] [end] isDisplayed
[Fri Jun 02 13:09:53 CST 2017] [df39] [element] [start] isEnabled()
[Fri Jun 02 13:09:53 CST 2017] [df39] [element] [end] isEnabled
[Fri Jun 02 13:09:53 CST 2017] [df39] [driver] [start] findElement(By.xpath: //*[@content-desc='確認'])
[Fri Jun 02 13:09:53 CST 2017] [df39] [driver] [start] findElementByXPath("//*[@content-desc='確認']")
[Fri Jun 02 13:09:54 CST 2017] [df39] [driver] [end] findElementByXPath
[Fri Jun 02 13:09:54 CST 2017] [df39] [driver] [end] findElement
[Fri Jun 02 13:09:54 CST 2017] [df39] [element] [start] getAttribute("content-desc")
[Fri Jun 02 13:09:54 CST 2017] [df39] [element] [end] getAttribute
[Fri Jun 02 13:09:54 CST 2017] [df39] [driver] [start] quit()
[Fri Jun 02 13:09:55 CST 2017] [driver] Call of close returned: null
[Fri Jun 02 13:09:55 CST 2017] [df39] [driver] [end] quit
測試設備(UDID/Android Version)
410054eac81a91c1/6.0.1
[Fri Jun 02 13:09:55 CST 2017] [driver] Starting test: 'Untitled'
[Fri Jun 02 13:09:55 CST 2017] [driver] {appPackage=com.tutk.kalayvsaas, dontGoHomeOnQuit=false, noReset=false, dontStopAppOnReset=false, instrumentApp=false, reservationDuration=240, fullReset=false, appActivity=com.tutk.kalayvsaas.SplashScreenActivity, waitForDeviceTimeout=60000, useRemoteGrid=false, [enableclientlog, enableclientlogger]=false, autoWebview=false, udid=410054eac81a91c1, platformName=Android}
[Fri Jun 02 13:09:55 CST 2017] [driver] context: NATIVE_APP
[Fri Jun 02 13:09:55 CST 2017] [driver] application under test: 
[Fri Jun 02 13:09:55 CST 2017] [driver] app path: null
[Fri Jun 02 13:09:55 CST 2017] [driver] full reset: false
[Fri Jun 02 13:09:55 CST 2017] [driver] instrument: false
[Fri Jun 02 13:09:55 CST 2017] [driver] no reset: false
[Fri Jun 02 13:09:55 CST 2017] [driver] package name: com.tutk.kalayvsaas
[Fri Jun 02 13:09:55 CST 2017] [driver] activity name: com.tutk.kalayvsaas.SplashScreenActivity
[Fri Jun 02 13:09:55 CST 2017] [driver] stop on reset: true
[Fri Jun 02 13:09:55 CST 2017] [driver] browser: false
[Fri Jun 02 13:09:55 CST 2017] [driver] connecting localhost:8889
[Fri Jun 02 13:09:55 CST 2017] [driver] Call of getSessionID returned: 5c06
[Fri Jun 02 13:09:56 CST 2017] [driver] wait for device '@serialnumber='410054eac81a91c1'' timeout-ms='60000'
[Fri Jun 02 13:09:56 CST 2017] [driver] Device 'adb:SM-N910U' ready
[Fri Jun 02 13:09:56 CST 2017] [driver] launching com.tutk.kalayvsaas/com.tutk.kalayvsaas.SplashScreenActivity ...
[Fri Jun 02 13:10:03 CST 2017] [driver] Call of launchApp returned: native
[Fri Jun 02 13:10:03 CST 2017] [5c06] [driver] [start] findElement(By.xpath: //*[@contentDescription='忘記密碼?'])
[Fri Jun 02 13:10:03 CST 2017] [5c06] [driver] [start] findElementByXPath("//*[@contentDescription='忘記密碼?']")
[Fri Jun 02 13:10:08 CST 2017] [5c06] [driver] [end] findElementByXPath
[Fri Jun 02 13:10:08 CST 2017] [5c06] [driver] [end] findElement
[Fri Jun 02 13:10:08 CST 2017] [5c06] [element] [start] click()
[Fri Jun 02 13:10:08 CST 2017] [5c06] [element] [end] click
[Fri Jun 02 13:10:08 CST 2017] [5c06] [driver] [start] findElement(By.xpath: //*[@id='id_email'])
[Fri Jun 02 13:10:08 CST 2017] [5c06] [driver] [start] findElementByXPath("//*[@id='id_email']")
[Fri Jun 02 13:10:09 CST 2017] [5c06] [driver] [end] findElementByXPath
[Fri Jun 02 13:10:09 CST 2017] [5c06] [driver] [end] findElement
[Fri Jun 02 13:10:09 CST 2017] [5c06] [element] [start] sendKeys("qoojhih123@gmail.com")
[Fri Jun 02 13:10:16 CST 2017] [5c06] [element] [end] sendKeys
[Fri Jun 02 13:10:16 CST 2017] [5c06] [driver] [start] hideKeyboard()
[Fri Jun 02 13:10:18 CST 2017] [5c06] [driver] [end] hideKeyboard
[Fri Jun 02 13:10:18 CST 2017] [5c06] [driver] [start] findElement(By.xpath: //*[@id='submit'])
[Fri Jun 02 13:10:18 CST 2017] [5c06] [driver] [start] findElementByXPath("//*[@id='submit']")
[Fri Jun 02 13:10:18 CST 2017] [5c06] [driver] [end] findElementByXPath
[Fri Jun 02 13:10:18 CST 2017] [5c06] [driver] [end] findElement
[Fri Jun 02 13:10:18 CST 2017] [5c06] [element] [start] click()
[Fri Jun 02 13:10:18 CST 2017] [5c06] [element] [end] click
[Fri Jun 02 13:10:18 CST 2017] [5c06] [driver] [start] findElement(By.xpath: //*[@content-desc='電子郵件錯誤'])
[Fri Jun 02 13:10:18 CST 2017] [5c06] [driver] [start] findElementByXPath("//*[@content-desc='電子郵件錯誤']")
[Fri Jun 02 13:10:20 CST 2017] [5c06] [driver] [end] findElementByXPath
[Fri Jun 02 13:10:20 CST 2017] [5c06] [driver] [end] findElement
[Fri Jun 02 13:10:20 CST 2017] [5c06] [element] [start] getAttribute("content-desc")
[Fri Jun 02 13:10:20 CST 2017] [5c06] [element] [end] getAttribute
[Fri Jun 02 13:10:20 CST 2017] [5c06] [driver] [start] quit()
[Fri Jun 02 13:10:21 CST 2017] [driver] Call of close returned: null
[Fri Jun 02 13:10:21 CST 2017] [5c06] [driver] [end] quit
]]></system-out>
  <system-err><![CDATA[]]></system-err>
</testsuite>
